<?xml version="1.0" encoding="UTF-8"?>
<testng-results skipped="0" failed="0" total="1" passed="1">
  <reporter-output>
  </reporter-output>
  <suite name="Default suite" duration-ms="59322" started-at="2014-09-19T15:35:26Z" finished-at="2014-09-19T15:36:25Z">
    <groups>
    </groups>
    <test name="Default test" duration-ms="59322" started-at="2014-09-19T15:35:26Z" finished-at="2014-09-19T15:36:25Z">
      <class name="com.agorafy.automation.testcases.ProfileOverviewTest">
        <test-method status="PASS" signature="Test()[pri:0, instance:com.agorafy.automation.testcases.ProfileOverviewTest@3e584d]" name="Test" duration-ms="59311" started-at="2014-09-19T21:05:26Z" finished-at="2014-09-19T21:06:25Z">
          <reporter-output>
          </reporter-output>
        </test-method> <!-- Test -->
      </class> <!-- com.agorafy.automation.testcases.ProfileOverviewTest -->
    </test> <!-- Default test -->
  </suite> <!-- Default suite -->
</testng-results>
